<?xml version="1.0" encoding="UTF-8"?>
<!-- Generated by org.testng.reporters.JUnitReportReporter -->
<testsuite hostname="KishoreRamya" failures="0" tests="1" name="testCases.TC002_LoginTest" time="1.332" errors="0" timestamp="2025-04-13T18:58:35 IST" skipped="0">
  <testcase classname="testCases.TC002_LoginTest" name="verify_login" time="1.332"/>
</testsuite> <!-- testCases.TC002_LoginTest -->
